Detecting C OpenMP version failed with the following output:
Change Dir: /Users/nicoroble/computer-architecture/2019/p_matmul/cmake-build-debug/CMakeFiles/CMakeTmp

Run Build Command(s):/usr/bin/make cmTC_b580e/fast 
/Applications/Xcode.app/Contents/Developer/usr/bin/make -f CMakeFiles/cmTC_b580e.dir/build.make CMakeFiles/cmTC_b580e.dir/build
Building C object CMakeFiles/cmTC_b580e.dir/OpenMPCheckVersion.c.o
/Applications/Xcode.app/Contents/Developer/Toolchains/XcodeDefault.xctoolchain/usr/bin/cc   -fopenmp -Wno-unused-command-line-argument -I/usr/local/opt/libomp/include -lomp -L/usr/local/opt/libomp/lib/ -isysroot /Applications/Xcode.app/Contents/Developer/Platforms/MacOSX.platform/Developer/SDKs/MacOSX10.14.sdk   -o CMakeFiles/cmTC_b580e.dir/OpenMPCheckVersion.c.o   -c /Users/nicoroble/computer-architecture/2019/p_matmul/cmake-build-debug/CMakeFiles/FindOpenMP/OpenMPCheckVersion.c
clang: error: unsupported option '-fopenmp'
make[1]: *** [CMakeFiles/cmTC_b580e.dir/OpenMPCheckVersion.c.o] Error 1
make: *** [cmTC_b580e/fast] Error 2


Detecting C OpenMP version failed with the following output:
Change Dir: /Users/nicoroble/computer-architecture/2019/p_matmul/cmake-build-debug/CMakeFiles/CMakeTmp

Run Build Command(s):/usr/bin/make cmTC_58599/fast 
/Applications/Xcode.app/Contents/Developer/usr/bin/make -f CMakeFiles/cmTC_58599.dir/build.make CMakeFiles/cmTC_58599.dir/build
Building C object CMakeFiles/cmTC_58599.dir/OpenMPCheckVersion.c.o
/Applications/Xcode.app/Contents/Developer/Toolchains/XcodeDefault.xctoolchain/usr/bin/cc   -fopenmp -Wno-unused-command-line-argument -I/usr/local/opt/libomp/include -lomp -L/usr/local/opt/libomp/lib/ -isysroot /Applications/Xcode.app/Contents/Developer/Platforms/MacOSX.platform/Developer/SDKs/MacOSX10.14.sdk   -o CMakeFiles/cmTC_58599.dir/OpenMPCheckVersion.c.o   -c /Users/nicoroble/computer-architecture/2019/p_matmul/cmake-build-debug/CMakeFiles/FindOpenMP/OpenMPCheckVersion.c
clang: error: unsupported option '-fopenmp'
make[1]: *** [CMakeFiles/cmTC_58599.dir/OpenMPCheckVersion.c.o] Error 1
make: *** [cmTC_58599/fast] Error 2


Detecting C OpenMP version failed with the following output:
Change Dir: /Users/nicoroble/computer-architecture/2019/p_matmul/cmake-build-debug/CMakeFiles/CMakeTmp

Run Build Command(s):/usr/bin/make cmTC_6d3fe/fast 
/Applications/Xcode.app/Contents/Developer/usr/bin/make -f CMakeFiles/cmTC_6d3fe.dir/build.make CMakeFiles/cmTC_6d3fe.dir/build
Building C object CMakeFiles/cmTC_6d3fe.dir/OpenMPCheckVersion.c.o
/Applications/Xcode.app/Contents/Developer/Toolchains/XcodeDefault.xctoolchain/usr/bin/cc   -fopenmp -Wno-unused-command-line-argument -I/usr/local/opt/libomp/include -lomp -L/usr/local/opt/libomp/lib/ -isysroot /Applications/Xcode.app/Contents/Developer/Platforms/MacOSX.platform/Developer/SDKs/MacOSX10.14.sdk   -o CMakeFiles/cmTC_6d3fe.dir/OpenMPCheckVersion.c.o   -c /Users/nicoroble/computer-architecture/2019/p_matmul/cmake-build-debug/CMakeFiles/FindOpenMP/OpenMPCheckVersion.c
clang: error: unsupported option '-fopenmp'
make[1]: *** [CMakeFiles/cmTC_6d3fe.dir/OpenMPCheckVersion.c.o] Error 1
make: *** [cmTC_6d3fe/fast] Error 2


Detecting C OpenMP version failed with the following output:
Change Dir: /Users/nicoroble/computer-architecture/2019/p_matmul/cmake-build-debug/CMakeFiles/CMakeTmp

Run Build Command(s):/usr/bin/make cmTC_3738f/fast 
/Applications/Xcode.app/Contents/Developer/usr/bin/make -f CMakeFiles/cmTC_3738f.dir/build.make CMakeFiles/cmTC_3738f.dir/build
Building C object CMakeFiles/cmTC_3738f.dir/OpenMPCheckVersion.c.o
/Applications/Xcode.app/Contents/Developer/Toolchains/XcodeDefault.xctoolchain/usr/bin/cc   -fopenmp -Wno-unused-command-line-argument -I/usr/local/opt/libomp/include -lomp -L/usr/local/opt/libomp/lib/ -isysroot /Applications/Xcode.app/Contents/Developer/Platforms/MacOSX.platform/Developer/SDKs/MacOSX10.14.sdk   -o CMakeFiles/cmTC_3738f.dir/OpenMPCheckVersion.c.o   -c /Users/nicoroble/computer-architecture/2019/p_matmul/cmake-build-debug/CMakeFiles/FindOpenMP/OpenMPCheckVersion.c
clang: error: unsupported option '-fopenmp'
make[1]: *** [CMakeFiles/cmTC_3738f.dir/OpenMPCheckVersion.c.o] Error 1
make: *** [cmTC_3738f/fast] Error 2


Detecting C OpenMP version failed with the following output:
Change Dir: /Users/nicoroble/computer-architecture/2019/p_matmul/cmake-build-debug/CMakeFiles/CMakeTmp

Run Build Command(s):/usr/bin/make cmTC_1772a/fast 
/Applications/Xcode.app/Contents/Developer/usr/bin/make -f CMakeFiles/cmTC_1772a.dir/build.make CMakeFiles/cmTC_1772a.dir/build
Building C object CMakeFiles/cmTC_1772a.dir/OpenMPCheckVersion.c.o
/Applications/Xcode.app/Contents/Developer/Toolchains/XcodeDefault.xctoolchain/usr/bin/cc   -fopenmp -Wno-unused-command-line-argument -I/usr/local/opt/libomp/include -lomp -L/usr/local/opt/libomp/lib/ -isysroot /Applications/Xcode.app/Contents/Developer/Platforms/MacOSX.platform/Developer/SDKs/MacOSX10.14.sdk   -o CMakeFiles/cmTC_1772a.dir/OpenMPCheckVersion.c.o   -c /Users/nicoroble/computer-architecture/2019/p_matmul/cmake-build-debug/CMakeFiles/FindOpenMP/OpenMPCheckVersion.c
clang: error: unsupported option '-fopenmp'
make[1]: *** [CMakeFiles/cmTC_1772a.dir/OpenMPCheckVersion.c.o] Error 1
make: *** [cmTC_1772a/fast] Error 2


Detecting C OpenMP version failed with the following output:
Change Dir: /Users/nicoroble/computer-architecture/2019/p_matmul/cmake-build-debug/CMakeFiles/CMakeTmp

Run Build Command(s):/usr/bin/make cmTC_241f8/fast 
/Applications/Xcode.app/Contents/Developer/usr/bin/make -f CMakeFiles/cmTC_241f8.dir/build.make CMakeFiles/cmTC_241f8.dir/build
Building C object CMakeFiles/cmTC_241f8.dir/OpenMPCheckVersion.c.o
/Applications/Xcode.app/Contents/Developer/Toolchains/XcodeDefault.xctoolchain/usr/bin/cc   -fopenmp -Wno-unused-command-line-argument -I/usr/local/opt/libomp/include -lomp -L/usr/local/opt/libomp/lib/ -isysroot /Applications/Xcode.app/Contents/Developer/Platforms/MacOSX.platform/Developer/SDKs/MacOSX10.14.sdk   -o CMakeFiles/cmTC_241f8.dir/OpenMPCheckVersion.c.o   -c /Users/nicoroble/computer-architecture/2019/p_matmul/cmake-build-debug/CMakeFiles/FindOpenMP/OpenMPCheckVersion.c
clang: error: unsupported option '-fopenmp'
make[1]: *** [CMakeFiles/cmTC_241f8.dir/OpenMPCheckVersion.c.o] Error 1
make: *** [cmTC_241f8/fast] Error 2


Detecting C OpenMP version failed with the following output:
Change Dir: /Users/nicoroble/computer-architecture/2019/p_matmul/cmake-build-debug/CMakeFiles/CMakeTmp

Run Build Command(s):/usr/bin/make cmTC_b44b5/fast 
/Applications/Xcode.app/Contents/Developer/usr/bin/make -f CMakeFiles/cmTC_b44b5.dir/build.make CMakeFiles/cmTC_b44b5.dir/build
Building C object CMakeFiles/cmTC_b44b5.dir/OpenMPCheckVersion.c.o
/Applications/Xcode.app/Contents/Developer/Toolchains/XcodeDefault.xctoolchain/usr/bin/cc   -fopenmp -Wno-unused-command-line-argument -I/usr/local/opt/libomp/include -lomp -L/usr/local/opt/libomp/lib/ -isysroot /Applications/Xcode.app/Contents/Developer/Platforms/MacOSX.platform/Developer/SDKs/MacOSX10.14.sdk   -o CMakeFiles/cmTC_b44b5.dir/OpenMPCheckVersion.c.o   -c /Users/nicoroble/computer-architecture/2019/p_matmul/cmake-build-debug/CMakeFiles/FindOpenMP/OpenMPCheckVersion.c
clang: error: unsupported option '-fopenmp'
make[1]: *** [CMakeFiles/cmTC_b44b5.dir/OpenMPCheckVersion.c.o] Error 1
make: *** [cmTC_b44b5/fast] Error 2


Detecting C OpenMP version failed with the following output:
Change Dir: /Users/nicoroble/computer-architecture/2019/p_matmul/cmake-build-debug/CMakeFiles/CMakeTmp

Run Build Command(s):/usr/bin/make cmTC_4fbfe/fast 
/Applications/Xcode.app/Contents/Developer/usr/bin/make -f CMakeFiles/cmTC_4fbfe.dir/build.make CMakeFiles/cmTC_4fbfe.dir/build
Building C object CMakeFiles/cmTC_4fbfe.dir/OpenMPCheckVersion.c.o
/Applications/Xcode.app/Contents/Developer/Toolchains/XcodeDefault.xctoolchain/usr/bin/cc   -fopenmp -Wno-unused-command-line-argument -I/usr/local/opt/libomp/include -lomp -L/usr/local/opt/libomp/lib/ -isysroot /Applications/Xcode.app/Contents/Developer/Platforms/MacOSX.platform/Developer/SDKs/MacOSX10.14.sdk   -o CMakeFiles/cmTC_4fbfe.dir/OpenMPCheckVersion.c.o   -c /Users/nicoroble/computer-architecture/2019/p_matmul/cmake-build-debug/CMakeFiles/FindOpenMP/OpenMPCheckVersion.c
clang: error: unsupported option '-fopenmp'
make[1]: *** [CMakeFiles/cmTC_4fbfe.dir/OpenMPCheckVersion.c.o] Error 1
make: *** [cmTC_4fbfe/fast] Error 2


Detecting C OpenMP version failed with the following output:
Change Dir: /Users/nicoroble/computer-architecture/2019/p_matmul/cmake-build-debug/CMakeFiles/CMakeTmp

Run Build Command(s):/usr/bin/make cmTC_de400/fast 
/Applications/Xcode.app/Contents/Developer/usr/bin/make -f CMakeFiles/cmTC_de400.dir/build.make CMakeFiles/cmTC_de400.dir/build
Building C object CMakeFiles/cmTC_de400.dir/OpenMPCheckVersion.c.o
/Applications/Xcode.app/Contents/Developer/Toolchains/XcodeDefault.xctoolchain/usr/bin/cc   -fopenmp -Wno-unused-command-line-argument -I/usr/local/opt/libomp/include -lomp -L/usr/local/opt/libomp/lib/ -isysroot /Applications/Xcode.app/Contents/Developer/Platforms/MacOSX.platform/Developer/SDKs/MacOSX10.14.sdk   -o CMakeFiles/cmTC_de400.dir/OpenMPCheckVersion.c.o   -c /Users/nicoroble/computer-architecture/2019/p_matmul/cmake-build-debug/CMakeFiles/FindOpenMP/OpenMPCheckVersion.c
clang: error: unsupported option '-fopenmp'
make[1]: *** [CMakeFiles/cmTC_de400.dir/OpenMPCheckVersion.c.o] Error 1
make: *** [cmTC_de400/fast] Error 2


Detecting C OpenMP version failed with the following output:
Change Dir: /Users/nicoroble/computer-architecture/2019/p_matmul/cmake-build-debug/CMakeFiles/CMakeTmp

Run Build Command(s):/usr/bin/make cmTC_ad588/fast 
/Applications/Xcode.app/Contents/Developer/usr/bin/make -f CMakeFiles/cmTC_ad588.dir/build.make CMakeFiles/cmTC_ad588.dir/build
Building C object CMakeFiles/cmTC_ad588.dir/OpenMPCheckVersion.c.o
/Applications/Xcode.app/Contents/Developer/Toolchains/XcodeDefault.xctoolchain/usr/bin/cc   -fopenmp -Wno-unused-command-line-argument -I/usr/local/opt/libomp/include -lomp -L/usr/local/opt/libomp/lib/ -isysroot /Applications/Xcode.app/Contents/Developer/Platforms/MacOSX.platform/Developer/SDKs/MacOSX10.14.sdk   -o CMakeFiles/cmTC_ad588.dir/OpenMPCheckVersion.c.o   -c /Users/nicoroble/computer-architecture/2019/p_matmul/cmake-build-debug/CMakeFiles/FindOpenMP/OpenMPCheckVersion.c
clang: error: unsupported option '-fopenmp'
make[1]: *** [CMakeFiles/cmTC_ad588.dir/OpenMPCheckVersion.c.o] Error 1
make: *** [cmTC_ad588/fast] Error 2


Detecting C OpenMP version failed with the following output:
Change Dir: /Users/nicoroble/computer-architecture/2019/p_matmul/cmake-build-debug/CMakeFiles/CMakeTmp

Run Build Command(s):/usr/bin/make cmTC_2eff3/fast 
/Applications/Xcode.app/Contents/Developer/usr/bin/make -f CMakeFiles/cmTC_2eff3.dir/build.make CMakeFiles/cmTC_2eff3.dir/build
Building C object CMakeFiles/cmTC_2eff3.dir/OpenMPCheckVersion.c.o
/Applications/Xcode.app/Contents/Developer/Toolchains/XcodeDefault.xctoolchain/usr/bin/cc   -fopenmp -Wno-unused-command-line-argument -I/usr/local/opt/libomp/include -lomp -L/usr/local/opt/libomp/lib/ -isysroot /Applications/Xcode.app/Contents/Developer/Platforms/MacOSX.platform/Developer/SDKs/MacOSX10.14.sdk   -o CMakeFiles/cmTC_2eff3.dir/OpenMPCheckVersion.c.o   -c /Users/nicoroble/computer-architecture/2019/p_matmul/cmake-build-debug/CMakeFiles/FindOpenMP/OpenMPCheckVersion.c
clang: error: unsupported option '-fopenmp'
make[1]: *** [CMakeFiles/cmTC_2eff3.dir/OpenMPCheckVersion.c.o] Error 1
make: *** [cmTC_2eff3/fast] Error 2


Detecting C OpenMP version failed with the following output:
Change Dir: /Users/nicoroble/computer-architecture/2019/p_matmul/cmake-build-debug/CMakeFiles/CMakeTmp

Run Build Command(s):/usr/bin/make cmTC_f75cc/fast 
/Applications/Xcode.app/Contents/Developer/usr/bin/make -f CMakeFiles/cmTC_f75cc.dir/build.make CMakeFiles/cmTC_f75cc.dir/build
Building C object CMakeFiles/cmTC_f75cc.dir/OpenMPCheckVersion.c.o
/Applications/Xcode.app/Contents/Developer/Toolchains/XcodeDefault.xctoolchain/usr/bin/cc   -fopenmp -Wno-unused-command-line-argument -I/usr/local/opt/libomp/include -lomp -L/usr/local/opt/libomp/lib/ -isysroot /Applications/Xcode.app/Contents/Developer/Platforms/MacOSX.platform/Developer/SDKs/MacOSX10.14.sdk   -o CMakeFiles/cmTC_f75cc.dir/OpenMPCheckVersion.c.o   -c /Users/nicoroble/computer-architecture/2019/p_matmul/cmake-build-debug/CMakeFiles/FindOpenMP/OpenMPCheckVersion.c
clang: error: unsupported option '-fopenmp'
make[1]: *** [CMakeFiles/cmTC_f75cc.dir/OpenMPCheckVersion.c.o] Error 1
make: *** [cmTC_f75cc/fast] Error 2


Detecting C OpenMP version failed with the following output:
Change Dir: /Users/nicoroble/computer-architecture/2019/p_matmul/cmake-build-debug/CMakeFiles/CMakeTmp

Run Build Command(s):/usr/bin/make cmTC_d7d9c/fast 
/Applications/Xcode.app/Contents/Developer/usr/bin/make -f CMakeFiles/cmTC_d7d9c.dir/build.make CMakeFiles/cmTC_d7d9c.dir/build
Building C object CMakeFiles/cmTC_d7d9c.dir/OpenMPCheckVersion.c.o
/Applications/Xcode.app/Contents/Developer/Toolchains/XcodeDefault.xctoolchain/usr/bin/cc   -fopenmp -Wno-unused-command-line-argument -I/usr/local/opt/libomp/include -lomp -L/usr/local/opt/libomp/lib/ -isysroot /Applications/Xcode.app/Contents/Developer/Platforms/MacOSX.platform/Developer/SDKs/MacOSX10.14.sdk   -o CMakeFiles/cmTC_d7d9c.dir/OpenMPCheckVersion.c.o   -c /Users/nicoroble/computer-architecture/2019/p_matmul/cmake-build-debug/CMakeFiles/FindOpenMP/OpenMPCheckVersion.c
clang: error: unsupported option '-fopenmp'
make[1]: *** [CMakeFiles/cmTC_d7d9c.dir/OpenMPCheckVersion.c.o] Error 1
make: *** [cmTC_d7d9c/fast] Error 2


Detecting CXX OpenMP failed with the following output:
Change Dir: /Users/nicoroble/computer-architecture/2019/p_matmul/cmake-build-debug/CMakeFiles/CMakeTmp

Run Build Command(s):/usr/bin/make cmTC_71e62/fast 
/Applications/Xcode.app/Contents/Developer/usr/bin/make -f CMakeFiles/cmTC_71e62.dir/build.make CMakeFiles/cmTC_71e62.dir/build
Building CXX object CMakeFiles/cmTC_71e62.dir/OpenMPTryFlag.cpp.o
/Applications/Xcode.app/Contents/Developer/Toolchains/XcodeDefault.xctoolchain/usr/bin/c++    -fopenmp=libomp -v -isysroot /Applications/Xcode.app/Contents/Developer/Platforms/MacOSX.platform/Developer/SDKs/MacOSX10.14.sdk   -o CMakeFiles/cmTC_71e62.dir/OpenMPTryFlag.cpp.o -c /Users/nicoroble/computer-architecture/2019/p_matmul/cmake-build-debug/CMakeFiles/FindOpenMP/OpenMPTryFlag.cpp
Apple LLVM version 10.0.0 (clang-1000.11.45.5)
Target: x86_64-apple-darwin18.0.0
Thread model: posix
InstalledDir: /Applications/Xcode.app/Contents/Developer/Toolchains/XcodeDefault.xctoolchain/usr/bin
clang: error: unsupported argument 'libomp' to option 'fopenmp='
make[1]: *** [CMakeFiles/cmTC_71e62.dir/OpenMPTryFlag.cpp.o] Error 1
make: *** [cmTC_71e62/fast] Error 2


Detecting CXX OpenMP failed with the following output:
Change Dir: /Users/nicoroble/computer-architecture/2019/p_matmul/cmake-build-debug/CMakeFiles/CMakeTmp

Run Build Command(s):/usr/bin/make cmTC_711f0/fast 
/Applications/Xcode.app/Contents/Developer/usr/bin/make -f CMakeFiles/cmTC_711f0.dir/build.make CMakeFiles/cmTC_711f0.dir/build
Building CXX object CMakeFiles/cmTC_711f0.dir/OpenMPTryFlag.cpp.o
/Applications/Xcode.app/Contents/Developer/Toolchains/XcodeDefault.xctoolchain/usr/bin/c++    -fopenmp=libiomp5 -v -isysroot /Applications/Xcode.app/Contents/Developer/Platforms/MacOSX.platform/Developer/SDKs/MacOSX10.14.sdk   -o CMakeFiles/cmTC_711f0.dir/OpenMPTryFlag.cpp.o -c /Users/nicoroble/computer-architecture/2019/p_matmul/cmake-build-debug/CMakeFiles/FindOpenMP/OpenMPTryFlag.cpp
Apple LLVM version 10.0.0 (clang-1000.11.45.5)
Target: x86_64-apple-darwin18.0.0
Thread model: posix
InstalledDir: /Applications/Xcode.app/Contents/Developer/Toolchains/XcodeDefault.xctoolchain/usr/bin
clang: error: unsupported argument 'libiomp5' to option 'fopenmp='
make[1]: *** [CMakeFiles/cmTC_711f0.dir/OpenMPTryFlag.cpp.o] Error 1
make: *** [cmTC_711f0/fast] Error 2


Detecting CXX OpenMP failed with the following output:
Change Dir: /Users/nicoroble/computer-architecture/2019/p_matmul/cmake-build-debug/CMakeFiles/CMakeTmp

Run Build Command(s):/usr/bin/make cmTC_4470a/fast 
/Applications/Xcode.app/Contents/Developer/usr/bin/make -f CMakeFiles/cmTC_4470a.dir/build.make CMakeFiles/cmTC_4470a.dir/build
Building CXX object CMakeFiles/cmTC_4470a.dir/OpenMPTryFlag.cpp.o
/Applications/Xcode.app/Contents/Developer/Toolchains/XcodeDefault.xctoolchain/usr/bin/c++    -fopenmp -v -isysroot /Applications/Xcode.app/Contents/Developer/Platforms/MacOSX.platform/Developer/SDKs/MacOSX10.14.sdk   -o CMakeFiles/cmTC_4470a.dir/OpenMPTryFlag.cpp.o -c /Users/nicoroble/computer-architecture/2019/p_matmul/cmake-build-debug/CMakeFiles/FindOpenMP/OpenMPTryFlag.cpp
Apple LLVM version 10.0.0 (clang-1000.11.45.5)
Target: x86_64-apple-darwin18.0.0
Thread model: posix
InstalledDir: /Applications/Xcode.app/Contents/Developer/Toolchains/XcodeDefault.xctoolchain/usr/bin
clang: error: unsupported option '-fopenmp'
make[1]: *** [CMakeFiles/cmTC_4470a.dir/OpenMPTryFlag.cpp.o] Error 1
make: *** [cmTC_4470a/fast] Error 2


Detecting C OpenMP version failed with the following output:
Change Dir: /Users/nicoroble/computer-architecture/2019/p_matmul/cmake-build-debug/CMakeFiles/CMakeTmp

Run Build Command(s):/usr/bin/make cmTC_843f1/fast 
/Applications/Xcode.app/Contents/Developer/usr/bin/make -f CMakeFiles/cmTC_843f1.dir/build.make CMakeFiles/cmTC_843f1.dir/build
Building C object CMakeFiles/cmTC_843f1.dir/OpenMPCheckVersion.c.o
/Applications/Xcode.app/Contents/Developer/Toolchains/XcodeDefault.xctoolchain/usr/bin/cc   -fopenmp -Wno-unused-command-line-argument -I/usr/local/opt/libomp/include -lomp -L/usr/local/opt/libomp/lib/ -isysroot /Applications/Xcode.app/Contents/Developer/Platforms/MacOSX.platform/Developer/SDKs/MacOSX10.14.sdk   -o CMakeFiles/cmTC_843f1.dir/OpenMPCheckVersion.c.o   -c /Users/nicoroble/computer-architecture/2019/p_matmul/cmake-build-debug/CMakeFiles/FindOpenMP/OpenMPCheckVersion.c
clang: error: unsupported option '-fopenmp'
make[1]: *** [CMakeFiles/cmTC_843f1.dir/OpenMPCheckVersion.c.o] Error 1
make: *** [cmTC_843f1/fast] Error 2


Detecting C OpenMP version failed with the following output:
Change Dir: /Users/nicoroble/computer-architecture/2019/p_matmul/cmake-build-debug/CMakeFiles/CMakeTmp

Run Build Command(s):/usr/bin/make cmTC_c7cf1/fast 
/Applications/Xcode.app/Contents/Developer/usr/bin/make -f CMakeFiles/cmTC_c7cf1.dir/build.make CMakeFiles/cmTC_c7cf1.dir/build
Building C object CMakeFiles/cmTC_c7cf1.dir/OpenMPCheckVersion.c.o
/Applications/Xcode.app/Contents/Developer/Toolchains/XcodeDefault.xctoolchain/usr/bin/cc   -fopenmp -Wno-unused-command-line-argument -I/usr/local/opt/libomp/include -lomp -L/usr/local/opt/libomp/lib/ -isysroot /Applications/Xcode.app/Contents/Developer/Platforms/MacOSX.platform/Developer/SDKs/MacOSX10.14.sdk   -o CMakeFiles/cmTC_c7cf1.dir/OpenMPCheckVersion.c.o   -c /Users/nicoroble/computer-architecture/2019/p_matmul/cmake-build-debug/CMakeFiles/FindOpenMP/OpenMPCheckVersion.c
clang: error: unsupported option '-fopenmp'
make[1]: *** [CMakeFiles/cmTC_c7cf1.dir/OpenMPCheckVersion.c.o] Error 1
make: *** [cmTC_c7cf1/fast] Error 2


Detecting C OpenMP version failed with the following output:
Change Dir: /Users/nicoroble/computer-architecture/2019/p_matmul/cmake-build-debug/CMakeFiles/CMakeTmp

Run Build Command(s):/usr/bin/make cmTC_c642a/fast 
/Applications/Xcode.app/Contents/Developer/usr/bin/make -f CMakeFiles/cmTC_c642a.dir/build.make CMakeFiles/cmTC_c642a.dir/build
Building C object CMakeFiles/cmTC_c642a.dir/OpenMPCheckVersion.c.o
/Applications/Xcode.app/Contents/Developer/Toolchains/XcodeDefault.xctoolchain/usr/bin/cc   -fopenmp -Wno-unused-command-line-argument -I/usr/local/opt/libomp/include -lomp -L/usr/local/opt/libomp/lib/ -isysroot /Applications/Xcode.app/Contents/Developer/Platforms/MacOSX.platform/Developer/SDKs/MacOSX10.14.sdk   -o CMakeFiles/cmTC_c642a.dir/OpenMPCheckVersion.c.o   -c /Users/nicoroble/computer-architecture/2019/p_matmul/cmake-build-debug/CMakeFiles/FindOpenMP/OpenMPCheckVersion.c
clang: error: unsupported option '-fopenmp'
make[1]: *** [CMakeFiles/cmTC_c642a.dir/OpenMPCheckVersion.c.o] Error 1
make: *** [cmTC_c642a/fast] Error 2


